# JRE version: OpenJDK Runtime Environment (7.0_79-b14) (build 1.7.0_79-b14)
# Java VM: OpenJDK 64-Bit Server VM (24.79-b02 mixed mode linux-amd64 compressed oops)
Heap
 PSYoungGen      total 127488K, used 75259K [0x00000000f8000000, 0x0000000100000000, 0x0000000100000000)
  eden space 124928K, 60% used [0x00000000f8000000,0x00000000fc97ed98,0x00000000ffa00000)
  from space 2560K, 0% used [0x00000000ffd80000,0x00000000ffd80000,0x0000000100000000)
  to   space 3072K, 0% used [0x00000000ffa00000,0x00000000ffa00000,0x00000000ffd00000)
 ParOldGen       total 74240K, used 33140K [0x00000000e8000000, 0x00000000ec880000, 0x00000000f8000000)
  object space 74240K, 44% used [0x00000000e8000000,0x00000000ea05d198,0x00000000ec880000)
 PSPermGen       total 64512K, used 64441K [0x00000000d8000000, 0x00000000dbf00000, 0x00000000e8000000)
  object space 64512K, 99% used [0x00000000d8000000,0x00000000dbeee550,0x00000000dbf00000)
GC Heap History (10 events):
Event: 52533.282 GC heap before
{Heap before GC invocations=1692 (full 842):
 PSYoungGen      total 116224K, used 9169K [0x00000000f8000000, 0x00000000ff280000, 0x0000000100000000)
  eden space 115712K, 7% used [0x00000000f8000000,0x00000000f88f44c8,0x00000000ff100000)
  from space 512K, 0% used [0x00000000ff180000,0x00000000ff180000,0x00000000ff200000)
  to   space 512K, 0% used [0x00000000ff200000,0x00000000ff200000,0x00000000ff280000)
 ParOldGen       total 74240K, used 32685K [0x00000000e8000000, 0x00000000ec880000, 0x00000000f8000000)
  object space 74240K, 44% used [0x00000000e8000000,0x00000000e9feb410,0x00000000ec880000)
 PSPermGen       total 64512K, used 64073K [0x00000000d8000000, 0x00000000dbf00000, 0x00000000e8000000)
  object space 64512K, 99% used [0x00000000d8000000,0x00000000dbe92698,0x00000000dbf00000)
Event: 52533.285 GC heap after
Heap after GC invocations=1692 (full 842):
 PSYoungGen      total 116224K, used 512K [0x00000000f8000000, 0x00000000ff300000, 0x0000000100000000)
  eden space 115712K, 0% used [0x00000000f8000000,0x00000000f8000000,0x00000000ff100000)
  from space 512K, 100% used [0x00000000ff200000,0x00000000ff280000,0x00000000ff280000)
  to   space 1024K, 0% used [0x00000000ff100000,0x00000000ff100000,0x00000000ff200000)
 ParOldGen       total 74240K, used 33070K [0x00000000e8000000, 0x00000000ec880000, 0x00000000f8000000)
  object space 74240K, 44% used [0x00000000e8000000,0x00000000ea04b920,0x00000000ec880000)
 PSPermGen       total 64512K, used 64073K [0x00000000d8000000, 0x00000000dbf00000, 0x00000000e8000000)
  object space 64512K, 99% used [0x00000000d8000000,0x00000000dbe92698,0x00000000dbf00000)
}
Event: 52533.285 GC heap before
{Heap before GC invocations=1693 (full 843):
 PSYoungGen      total 116224K, used 512K [0x00000000f8000000, 0x00000000ff300000, 0x0000000100000000)
  eden space 115712K, 0% used [0x00000000f8000000,0x00000000f8000000,0x00000000ff100000)
  from space 512K, 100% used [0x00000000ff200000,0x00000000ff280000,0x00000000ff280000)
  to   space 1024K, 0% used [0x00000000ff100000,0x00000000ff100000,0x00000000ff200000)
 ParOldGen       total 74240K, used 33070K [0x00000000e8000000, 0x00000000ec880000, 0x00000000f8000000)
  object space 74240K, 44% used [0x00000000e8000000,0x00000000ea04b920,0x00000000ec880000)
 PSPermGen       total 64512K, used 64073K [0x00000000d8000000, 0x00000000dbf00000, 0x00000000e8000000)
  object space 64512K, 99% used [0x00000000d8000000,0x00000000dbe92698,0x00000000dbf00000)
Event: 52533.400 GC heap after
Heap after GC invocations=1693 (full 843):
 PSYoungGen      total 116224K, used 0K [0x00000000f8000000, 0x00000000ff300000, 0x0000000100000000)
  eden space 115712K, 0% used [0x00000000f8000000,0x00000000f8000000,0x00000000ff100000)
  from space 512K, 0% used [0x00000000ff200000,0x00000000ff200000,0x00000000ff280000)
  to   space 1024K, 0% used [0x00000000ff100000,0x00000000ff100000,0x00000000ff200000)
 ParOldGen       total 74240K, used 32873K [0x00000000e8000000, 0x00000000ec880000, 0x00000000f8000000)
  object space 74240K, 44% used [0x00000000e8000000,0x00000000ea01a6d8,0x00000000ec880000)
 PSPermGen       total 64512K, used 64073K [0x00000000d8000000, 0x00000000dbf00000, 0x00000000e8000000)
  object space 64512K, 99% used [0x00000000d8000000,0x00000000dbe92678,0x00000000dbf00000)
}
Event: 52611.597 GC heap before
{Heap before GC invocations=1694 (full 843):
 PSYoungGen      total 116224K, used 115712K [0x00000000f8000000, 0x00000000ff300000, 0x0000000100000000)
  eden space 115712K, 100% used [0x00000000f8000000,0x00000000ff100000,0x00000000ff100000)
  from space 512K, 0% used [0x00000000ff200000,0x00000000ff200000,0x00000000ff280000)
  to   space 1024K, 0% used [0x00000000ff100000,0x00000000ff100000,0x00000000ff200000)
 ParOldGen       total 74240K, used 32873K [0x00000000e8000000, 0x00000000ec880000, 0x00000000f8000000)
  object space 74240K, 44% used [0x00000000e8000000,0x00000000ea01a6d8,0x00000000ec880000)
 PSPermGen       total 64512K, used 64141K [0x00000000d8000000, 0x00000000dbf00000, 0x00000000e8000000)
  object space 64512K, 99% used [0x00000000d8000000,0x00000000dbea3598,0x00000000dbf00000)
Event: 52611.607 GC heap after
Heap after GC invocations=1694 (full 843):
 PSYoungGen      total 116736K, used 1008K [0x00000000f8000000, 0x0000000100000000, 0x0000000100000000)
  eden space 115712K, 0% used [0x00000000f8000000,0x00000000f8000000,0x00000000ff100000)
  from space 1024K, 98% used [0x00000000ff100000,0x00000000ff1fc2e8,0x00000000ff200000)
  to   space 2560K, 0% used [0x00000000ffd80000,0x00000000ffd80000,0x0000000100000000)
 ParOldGen       total 74240K, used 36857K [0x00000000e8000000, 0x00000000ec880000, 0x00000000f8000000)
  object space 74240K, 49% used [0x00000000e8000000,0x00000000ea3fe650,0x00000000ec880000)
 PSPermGen       total 64512K, used 64141K [0x00000000d8000000, 0x00000000dbf00000, 0x00000000e8000000)
  object space 64512K, 99% used [0x00000000d8000000,0x00000000dbea3598,0x00000000dbf00000)
}
Event: 52671.324 GC heap before
{Heap before GC invocations=1695 (full 843):
 PSYoungGen      total 116736K, used 17133K [0x00000000f8000000, 0x0000000100000000, 0x0000000100000000)
  eden space 115712K, 13% used [0x00000000f8000000,0x00000000f8fbf128,0x00000000ff100000)
  from space 1024K, 98% used [0x00000000ff100000,0x00000000ff1fc2e8,0x00000000ff200000)
  to   space 2560K, 0% used [0x00000000ffd80000,0x00000000ffd80000,0x0000000100000000)
 ParOldGen       total 74240K, used 36857K [0x00000000e8000000, 0x00000000ec880000, 0x00000000f8000000)
  object space 74240K, 49% used [0x00000000e8000000,0x00000000ea3fe650,0x00000000ec880000)
 PSPermGen       total 64512K, used 64146K [0x00000000d8000000, 0x00000000dbf00000, 0x00000000e8000000)
  object space 64512K, 99% used [0x00000000d8000000,0x00000000dbea4b58,0x00000000dbf00000)
Event: 52671.330 GC heap after
Heap after GC invocations=1695 (full 843):
 PSYoungGen      total 127488K, used 1881K [0x00000000f8000000, 0x0000000100000000, 0x0000000100000000)
  eden space 124928K, 0% used [0x00000000f8000000,0x00000000f8000000,0x00000000ffa00000)
  from space 2560K, 73% used [0x00000000ffd80000,0x00000000fff56550,0x0000000100000000)
  to   space 3072K, 0% used [0x00000000ffa00000,0x00000000ffa00000,0x00000000ffd00000)
 ParOldGen       total 74240K, used 36857K [0x00000000e8000000, 0x00000000ec880000, 0x00000000f8000000)
  object space 74240K, 49% used [0x00000000e8000000,0x00000000ea3fe650,0x00000000ec880000)
 PSPermGen       total 64512K, used 64146K [0x00000000d8000000, 0x00000000dbf00000, 0x00000000e8000000)
  object space 64512K, 99% used [0x00000000d8000000,0x00000000dbea4b58,0x00000000dbf00000)
}
Event: 52671.330 GC heap before
{Heap before GC invocations=1696 (full 844):
 PSYoungGen      total 127488K, used 1881K [0x00000000f8000000, 0x0000000100000000, 0x0000000100000000)
  eden space 124928K, 0% used [0x00000000f8000000,0x00000000f8000000,0x00000000ffa00000)
  from space 2560K, 73% used [0x00000000ffd80000,0x00000000fff56550,0x0000000100000000)
  to   space 3072K, 0% used [0x00000000ffa00000,0x00000000ffa00000,0x00000000ffd00000)
 ParOldGen       total 74240K, used 36857K [0x00000000e8000000, 0x00000000ec880000, 0x00000000f8000000)
  object space 74240K, 49% used [0x00000000e8000000,0x00000000ea3fe650,0x00000000ec880000)
 PSPermGen       total 64512K, used 64146K [0x00000000d8000000, 0x00000000dbf00000, 0x00000000e8000000)
  object space 64512K, 99% used [0x00000000d8000000,0x00000000dbea4b58,0x00000000dbf00000)
Event: 52671.478 GC heap after
Heap after GC invocations=1696 (full 844):
 PSYoungGen      total 127488K, used 0K [0x00000000f8000000, 0x0000000100000000, 0x0000000100000000)
  eden space 124928K, 0% used [0x00000000f8000000,0x00000000f8000000,0x00000000ffa00000)
  from space 2560K, 0% used [0x00000000ffd80000,0x00000000ffd80000,0x0000000100000000)
  to   space 3072K, 0% used [0x00000000ffa00000,0x00000000ffa00000,0x00000000ffd00000)
 ParOldGen       total 74240K, used 33140K [0x00000000e8000000, 0x00000000ec880000, 0x00000000f8000000)
  object space 74240K, 44% used [0x00000000e8000000,0x00000000ea05d198,0x00000000ec880000)
 PSPermGen       total 64512K, used 64145K [0x00000000d8000000, 0x00000000dbf00000, 0x00000000e8000000)
  object space 64512K, 99% used [0x00000000d8000000,0x00000000dbea47b8,0x00000000dbf00000)
}

